<?xml version="1.0" encoding="UTF-8"?>
<!-- Generated by org.testng.reporters.JUnitReportReporter -->
<testsuite hostname="SRINIVAS-G2005" failures="0" tests="1" name="deadLinkCity.TestClass" time="138.430" errors="0" timestamp="2025-03-28T20:11:35 IST" skipped="0">
  <testcase classname="deadLinkCity.TestClass" name="brokenLinks" time="138.430"/>
</testsuite> <!-- deadLinkCity.TestClass -->
