<?xml version="1.0" encoding="UTF-8"?>
<!-- Generated by org.testng.reporters.JUnitReportReporter -->
<testsuite hostname="SRINIVAS-G2005" failures="0" tests="2" name="demoQA.URL_Validation" time="1.188" errors="0" timestamp="2025-03-28T20:50:33 IST" skipped="0">
  <testcase classname="demoQA.URL_Validation" name="linkValidationValidLink" time="0.512"/>
  <testcase classname="demoQA.URL_Validation" name="linkValidationBrokenLink" time="0.676"/>
</testsuite> <!-- demoQA.URL_Validation -->
