<?xml version="1.0" encoding="UTF-8"?>
<!-- Generated by org.testng.reporters.JUnitReportReporter -->
<testsuite hostname="SRINIVAS-G2005" failures="0" tests="1" name="tutorialsPoint.HandlingBrokenLinks" time="32.262" errors="0" timestamp="2025-07-21T19:03:53 IST" skipped="0">
  <testcase classname="tutorialsPoint.HandlingBrokenLinks" name="handlingBrokenLinks" time="32.262"/>
</testsuite> <!-- tutorialsPoint.HandlingBrokenLinks -->
