<?xml version="1.0" encoding="UTF-8"?>
<!-- Generated by org.testng.reporters.JUnitReportReporter -->
<testsuite hostname="SRINIVAS-G2005" failures="0" tests="1" name="automaionBlogSpot.HandlingBrokenLinks" time="8.680" errors="0" timestamp="2025-03-27T21:01:05 IST" skipped="0">
  <testcase classname="automaionBlogSpot.HandlingBrokenLinks" name="brokenLinks" time="8.680"/>
</testsuite> <!-- automaionBlogSpot.HandlingBrokenLinks -->
