<?xml version="1.0" encoding="UTF-8"?>
<!-- Generated by org.testng.reporters.JUnitReportReporter -->
<testsuite hostname="SRINIVAS-G2005" failures="0" tests="1" name="deadLinkCity.HandlingBrokenLinks" time="56.840" errors="0" timestamp="2025-03-27T19:25:35 IST" skipped="0">
  <testcase classname="deadLinkCity.HandlingBrokenLinks" name="brokenLinks" time="56.840"/>
</testsuite> <!-- deadLinkCity.HandlingBrokenLinks -->
